<?xml version="1.0" encoding="UTF-8"?>
<!-- Generated by org.testng.reporters.JUnitReportReporter -->
<testsuite hostname="DESKTOP-57EA1DL" failures="0" tests="2" name="testscripts.LoginTest" time="22.650" errors="0" timestamp="2025-12-11T21:22:58 IST" skipped="0">
  <testcase classname="testscripts.LoginTest" name="verifyWhetherUserIsAbleToLoginWithValidCredential" time="19.043"/>
  <testcase classname="testscripts.LoginTest" name="verifyWhetherUserIsAbleToLoginWithInValidUserNameandInValidPassword" time="3.607"/>
</testsuite> <!-- testscripts.LoginTest -->
