<?xml version="1.0" encoding="UTF-8"?>
<!-- Generated by org.testng.reporters.JUnitReportReporter -->
<testsuite hostname="DESKTOP-57EA1DL" failures="0" tests="2" name="testscripts.HomeTest" time="42.429" errors="0" timestamp="2025-12-11T20:01:53 IST" skipped="0">
  <testcase classname="testscripts.HomeTest" name="verifyWhetherUserIsAbleToLoginWithValidCredential" time="28.430"/>
  <testcase classname="testscripts.HomeTest" name="verifyWhetherUserIsAbleToLoginWithValidCredential" time="13.999"/>
</testsuite> <!-- testscripts.HomeTest -->
