<?xml version="1.0" encoding="UTF-8"?>
<!-- Generated by org.testng.reporters.JUnitXMLReporter -->
<testsuite ignored="2" hostname="DESKTOP-57EA1DL" failures="2" tests="2" name="Test" time="2.986" errors="0" timestamp="2025-12-18T22:00:28 IST">
  <testcase classname="testscripts.LoginTest" name="verifyWhetherUserIsAbleToLoginWithValidCredential" time="0.018">
    <failure type="java.io.FileNotFoundException" message="C:\Users\user\eclipse-workspace\GrocceryApplication\src\test\resources\TestDataa.xlsx (The system cannot find the file specified)">
      <![CDATA[java.io.FileNotFoundException: C:\Users\user\eclipse-workspace\GrocceryApplication\src\test\resources\TestDataa.xlsx (The system cannot find the file specified)
at java.base/java.io.FileInputStream.open0(Native Method)
at java.base/java.io.FileInputStream.open(FileInputStream.java:213)
at java.base/java.io.FileInputStream.<init>(FileInputStream.java:152)
at java.base/java.io.FileInputStream.<init>(FileInputStream.java:106)
at utility.ExcelUtility.getStringData(ExcelUtility.java:19)
at testscripts.LoginTest.verifyWhetherUserIsAbleToLoginWithValidCredential(LoginTest.java:22)
at java.base/java.util.ArrayList.forEach(ArrayList.java:1596)
... Removed 25 stack frames]]>
    </failure>
  </testcase> <!-- verifyWhetherUserIsAbleToLoginWithValidCredential -->
  <testcase classname="testscripts.LoginTest" name="verifyWhetherUserIsAbleToLoginWithInValidUserNameandInValidPassword" time="0.0">
    <failure type="org.testng.TestNGException" message="
Cannot inject @Test annotated Method [verifyWhetherUserIsAbleToLoginWithInValidUserNameandInValidPassword] with [class java.lang.String, class java.lang.String].
For more information on native dependency injection please refer to https://testng.org/#_dependency_injection">
      <![CDATA[org.testng.TestNGException: 
Cannot inject @Test annotated Method [verifyWhetherUserIsAbleToLoginWithInValidUserNameandInValidPassword] with [class java.lang.String, class java.lang.String].
For more information on native dependency injection please refer to https://testng.org/#_dependency_injection
at java.base/java.util.ArrayList.forEach(ArrayList.java:1596)
... Removed 26 stack frames]]>
    </failure>
  </testcase> <!-- verifyWhetherUserIsAbleToLoginWithInValidUserNameandInValidPassword -->
  <testcase classname="testscripts.LoginTest" name="verifyWhetherUserIsAbleToLoginWithInValidUserNameandValidPassword" time="0.0">
    <ignored/>
  </testcase> <!-- verifyWhetherUserIsAbleToLoginWithInValidUserNameandValidPassword -->
  <testcase classname="testscripts.LoginTest" name="verifyWhetherUserIsAbleToLoginWithValidUserNameandInvalidPassword" time="0.0">
    <ignored/>
  </testcase> <!-- verifyWhetherUserIsAbleToLoginWithValidUserNameandInvalidPassword -->
</testsuite> <!-- Test -->
