<?xml version="1.0" encoding="UTF-8"?>
<testng-results ignored="0" total="2" passed="2" failed="0" skipped="0">
  <reporter-output>
  </reporter-output>
  <suite started-at="2025-12-11T21:22:35 IST" name="Grouping" finished-at="2025-12-11T21:22:58 IST" duration-ms="22748">
    <groups>
      <group name="smoke">
        <method signature="LoginTest.verifyWhetherUserIsAbleToLoginWithValidCredential()[pri:1, instance:testscripts.LoginTest@57a78e3]" name="verifyWhetherUserIsAbleToLoginWithValidCredential" class="testscripts.LoginTest"/>
        <method signature="LoginTest.verifyWhetherUserIsAbleToLoginWithInValidUserNameandInValidPassword()[pri:4, instance:testscripts.LoginTest@57a78e3]" name="verifyWhetherUserIsAbleToLoginWithInValidUserNameandInValidPassword" class="testscripts.LoginTest"/>
      </group> <!-- smoke -->
    </groups>
    <test started-at="2025-12-11T21:22:35 IST" name="Test" finished-at="2025-12-11T21:22:58 IST" duration-ms="22748">
      <class name="testscripts.LoginTest">
        <test-method is-config="true" signature="initializeBrowser(java.lang.String)[pri:0, instance:testscripts.LoginTest@57a78e3]" started-at="2025-12-11T21:22:35 IST" name="initializeBrowser" finished-at="2025-12-11T21:22:52 IST" duration-ms="16176" status="PASS">
          <params>
            <param index="0">
              <value>
                <![CDATA[chrome]]>
              </value>
            </param>
          </params>
          <reporter-output>
          </reporter-output>
        </test-method> <!-- initializeBrowser -->
        <test-method signature="verifyWhetherUserIsAbleToLoginWithValidCredential()[pri:1, instance:testscripts.LoginTest@57a78e3]" started-at="2025-12-11T21:22:52 IST" name="verifyWhetherUserIsAbleToLoginWithValidCredential" description="Verify User can login with valid credentials" finished-at="2025-12-11T21:22:54 IST" duration-ms="2865" status="PASS">
          <reporter-output>
          </reporter-output>
        </test-method> <!-- verifyWhetherUserIsAbleToLoginWithValidCredential -->
        <test-method is-config="true" signature="driverQuit(org.testng.ITestResult)[pri:0, instance:testscripts.LoginTest@57a78e3]" started-at="2025-12-11T21:22:54 IST" name="driverQuit" finished-at="2025-12-11T21:22:54 IST" duration-ms="2" status="PASS">
          <params>
            <param index="0">
              <value>
                <![CDATA[[TestResult name=verifyWhetherUserIsAbleToLoginWithValidCredential status=SUCCESS method=LoginTest.verifyWhetherUserIsAbleToLoginWithValidCredential()[pri:1, instance:testscripts.LoginTest@57a78e3] output={null}]]]>
              </value>
            </param>
          </params>
          <reporter-output>
          </reporter-output>
        </test-method> <!-- driverQuit -->
        <test-method is-config="true" signature="initializeBrowser(java.lang.String)[pri:0, instance:testscripts.LoginTest@57a78e3]" started-at="2025-12-11T21:22:54 IST" name="initializeBrowser" finished-at="2025-12-11T21:22:57 IST" duration-ms="2867" status="PASS">
          <params>
            <param index="0">
              <value>
                <![CDATA[chrome]]>
              </value>
            </param>
          </params>
          <reporter-output>
          </reporter-output>
        </test-method> <!-- initializeBrowser -->
        <test-method signature="verifyWhetherUserIsAbleToLoginWithInValidUserNameandInValidPassword()[pri:4, instance:testscripts.LoginTest@57a78e3]" started-at="2025-12-11T21:22:57 IST" name="verifyWhetherUserIsAbleToLoginWithInValidUserNameandInValidPassword" description="Verify user is able to login with invalid credentials" finished-at="2025-12-11T21:22:58 IST" duration-ms="732" status="PASS">
          <reporter-output>
          </reporter-output>
        </test-method> <!-- verifyWhetherUserIsAbleToLoginWithInValidUserNameandInValidPassword -->
        <test-method is-config="true" signature="driverQuit(org.testng.ITestResult)[pri:0, instance:testscripts.LoginTest@57a78e3]" started-at="2025-12-11T21:22:58 IST" name="driverQuit" finished-at="2025-12-11T21:22:58 IST" duration-ms="8" status="PASS">
          <params>
            <param index="0">
              <value>
                <![CDATA[[TestResult name=verifyWhetherUserIsAbleToLoginWithInValidUserNameandInValidPassword status=SUCCESS method=LoginTest.verifyWhetherUserIsAbleToLoginWithInValidUserNameandInValidPassword()[pri:4, instance:testscripts.LoginTest@57a78e3] output={null}]]]>
              </value>
            </param>
          </params>
          <reporter-output>
          </reporter-output>
        </test-method> <!-- driverQuit -->
      </class> <!-- testscripts.LoginTest -->
    </test> <!-- Test -->
  </suite> <!-- Grouping -->
</testng-results>
