<?xml version="1.0" encoding="UTF-8"?>
<testng-results ignored="0" total="1" passed="1" failed="0" skipped="0">
  <reporter-output>
  </reporter-output>
  <suite started-at="2025-12-19T22:46:55 IST" name="Suite" finished-at="2025-12-19T22:47:14 IST" duration-ms="18549">
    <groups>
    </groups>
    <test started-at="2025-12-19T22:46:55 IST" name="Test" finished-at="2025-12-19T22:47:14 IST" duration-ms="18549">
      <class name="testscripts.HomeTest">
        <test-method is-config="true" signature="initializeBrowser(java.lang.String)[pri:0, instance:testscripts.HomeTest@46d59067]" started-at="2025-12-19T22:46:55 IST" name="initializeBrowser" finished-at="2025-12-19T22:47:10 IST" duration-ms="14321" status="PASS">
          <params>
            <param index="0">
              <value>
                <![CDATA[chrome]]>
              </value>
            </param>
          </params>
          <reporter-output>
          </reporter-output>
        </test-method> <!-- initializeBrowser -->
        <test-method signature="verifyWhetherUserIsAbleToLoginWithValidCredential()[pri:0, instance:testscripts.HomeTest@46d59067]" started-at="2025-12-19T22:47:10 IST" name="verifyWhetherUserIsAbleToLoginWithValidCredential" description="verify user logs out successfully." finished-at="2025-12-19T22:47:14 IST" duration-ms="4151" status="PASS">
          <reporter-output>
          </reporter-output>
        </test-method> <!-- verifyWhetherUserIsAbleToLoginWithValidCredential -->
        <test-method is-config="true" signature="driverQuit(org.testng.ITestResult)[pri:0, instance:testscripts.HomeTest@46d59067]" started-at="2025-12-19T22:47:14 IST" name="driverQuit" finished-at="2025-12-19T22:47:14 IST" duration-ms="8" status="PASS">
          <params>
            <param index="0">
              <value>
                <![CDATA[[TestResult name=verifyWhetherUserIsAbleToLoginWithValidCredential status=SUCCESS method=HomeTest.verifyWhetherUserIsAbleToLoginWithValidCredential()[pri:0, instance:testscripts.HomeTest@46d59067] output={null}]]]>
              </value>
            </param>
          </params>
          <reporter-output>
          </reporter-output>
        </test-method> <!-- driverQuit -->
      </class> <!-- testscripts.HomeTest -->
    </test> <!-- Test -->
  </suite> <!-- Suite -->
</testng-results>
